Resolutions       : (500, 1500, ... 4800)
Iterations        : 40
Algorithm         : 0 (Jacobi)
Num. Heat sources : 2
   1: (0.00, 0.00) 1.00 1.00 
   2: (1.00, 1.00) 1.00 0.50 
Resolution:   500Resolution:   500, Time: 0.033 (0.110 GFlop => 3291.74 MFlop/s, residual 0.079613, 40 iterations)
Resolution:  1500Resolution:  1500, Time: 0.227 (0.990 GFlop => 4360.02 MFlop/s, residual 0.238673, 40 iterations)
Resolution:  2500Resolution:  2500, Time: 0.884 (2.750 GFlop => 3109.51 MFlop/s, residual 0.397703, 40 iterations)
Resolution:  3500Resolution:  3500, Time: 1.885 (5.390 GFlop => 2859.56 MFlop/s, residual 0.556728, 40 iterations)
Resolution:  4500Resolution:  4500, Time: 3.149 (8.910 GFlop => 2829.67 MFlop/s, residual 0.715752, 40 iterations)
  500; 0.033; 3291.739
 1500; 0.227; 4360.020
 2500; 0.884; 3109.505
 3500; 1.885; 2859.560
 4500; 3.149; 2829.668
Resolutions       : (500, 1500, ... 4800)
Iterations        : 40
Algorithm         : 0 (Jacobi)
Num. Heat sources : 2
   1: (0.00, 0.00) 1.00 1.00 
   2: (1.00, 1.00) 1.00 0.50 
Resolution:   500Resolution:   500, Time: 0.034 (0.110 GFlop => 3266.41 MFlop/s, residual 0.079613, 40 iterations)
Resolution:  1500Resolution:  1500, Time: 0.233 (0.990 GFlop => 4257.48 MFlop/s, residual 0.238673, 40 iterations)
Resolution:  2500Resolution:  2500, Time: 0.876 (2.750 GFlop => 3138.23 MFlop/s, residual 0.397703, 40 iterations)
Resolution:  3500Resolution:  3500, Time: 1.886 (5.390 GFlop => 2858.16 MFlop/s, residual 0.556728, 40 iterations)
Resolution:  4500Resolution:  4500, Time: 3.155 (8.910 GFlop => 2823.80 MFlop/s, residual 0.715752, 40 iterations)
  500; 0.034; 3266.407
 1500; 0.233; 4257.478
 2500; 0.876; 3138.234
 3500; 1.886; 2858.163
 4500; 3.155; 2823.798
Resolutions       : (500, 1500, ... 4800)
Iterations        : 40
Algorithm         : 0 (Jacobi)
Num. Heat sources : 2
   1: (0.00, 0.00) 1.00 1.00 
   2: (1.00, 1.00) 1.00 0.50 
Resolution:   500Resolution:   500, Time: 0.035 (0.110 GFlop => 3122.79 MFlop/s, residual 0.079613, 40 iterations)
Resolution:  1500Resolution:  1500, Time: 0.243 (0.990 GFlop => 4082.07 MFlop/s, residual 0.238673, 40 iterations)
Resolution:  2500Resolution:  2500, Time: 0.880 (2.750 GFlop => 3123.28 MFlop/s, residual 0.397703, 40 iterations)
Resolution:  3500Resolution:  3500, Time: 1.889 (5.390 GFlop => 2853.07 MFlop/s, residual 0.556728, 40 iterations)
Resolution:  4500Resolution:  4500, Time: 3.147 (8.910 GFlop => 2831.46 MFlop/s, residual 0.715752, 40 iterations)
  500; 0.035; 3122.790
 1500; 0.243; 4082.072
 2500; 0.880; 3123.275
 3500; 1.889; 2853.066
 4500; 3.147; 2831.465
