Resolutions       : (500, 1500, ... 4800)
Iterations        : 40
Algorithm         : 0 (Jacobi)
Num. Heat sources : 2
   1: (0.00, 0.00) 1.00 1.00 
   2: (1.00, 1.00) 1.00 0.50 
Resolution:   500Resolution:   500, Time: 0.033 (0.110 GFlop => 3287.89 MFlop/s, residual 0.079613, 40 iterations)
Resolution:  1500Resolution:  1500, Time: 0.235 (0.990 GFlop => 4204.16 MFlop/s, residual 0.238673, 40 iterations)
Resolution:  2500Resolution:  2500, Time: 0.878 (2.750 GFlop => 3131.47 MFlop/s, residual 0.397703, 40 iterations)
Resolution:  3500Resolution:  3500, Time: 1.886 (5.390 GFlop => 2857.52 MFlop/s, residual 0.556728, 40 iterations)
Resolution:  4500Resolution:  4500, Time: 3.150 (8.910 GFlop => 2828.87 MFlop/s, residual 0.715752, 40 iterations)
  500; 0.033; 3287.892
 1500; 0.235; 4204.160
 2500; 0.878; 3131.470
 3500; 1.886; 2857.515
 4500; 3.150; 2828.874
Resolutions       : (500, 1500, ... 4800)
Iterations        : 40
Algorithm         : 0 (Jacobi)
Num. Heat sources : 2
   1: (0.00, 0.00) 1.00 1.00 
   2: (1.00, 1.00) 1.00 0.50 
Resolution:   500Resolution:   500, Time: 0.034 (0.110 GFlop => 3275.06 MFlop/s, residual 0.079613, 40 iterations)
Resolution:  1500Resolution:  1500, Time: 0.222 (0.990 GFlop => 4467.23 MFlop/s, residual 0.238673, 40 iterations)
Resolution:  2500Resolution:  2500, Time: 0.874 (2.750 GFlop => 3146.98 MFlop/s, residual 0.397703, 40 iterations)
Resolution:  3500Resolution:  3500, Time: 1.891 (5.390 GFlop => 2850.68 MFlop/s, residual 0.556728, 40 iterations)
Resolution:  4500Resolution:  4500, Time: 3.150 (8.910 GFlop => 2828.59 MFlop/s, residual 0.715752, 40 iterations)
  500; 0.034; 3275.055
 1500; 0.222; 4467.229
 2500; 0.874; 3146.978
 3500; 1.891; 2850.677
 4500; 3.150; 2828.592
Resolutions       : (500, 1500, ... 4800)
Iterations        : 40
Algorithm         : 0 (Jacobi)
Num. Heat sources : 2
   1: (0.00, 0.00) 1.00 1.00 
   2: (1.00, 1.00) 1.00 0.50 
Resolution:   500Resolution:   500, Time: 0.035 (0.110 GFlop => 3148.25 MFlop/s, residual 0.079613, 40 iterations)
Resolution:  1500Resolution:  1500, Time: 0.235 (0.990 GFlop => 4213.90 MFlop/s, residual 0.238673, 40 iterations)
Resolution:  2500Resolution:  2500, Time: 0.889 (2.750 GFlop => 3092.40 MFlop/s, residual 0.397703, 40 iterations)
Resolution:  3500Resolution:  3500, Time: 1.884 (5.390 GFlop => 2861.38 MFlop/s, residual 0.556728, 40 iterations)
Resolution:  4500Resolution:  4500, Time: 3.157 (8.910 GFlop => 2822.55 MFlop/s, residual 0.715752, 40 iterations)
  500; 0.035; 3148.254
 1500; 0.235; 4213.896
 2500; 0.889; 3092.397
 3500; 1.884; 2861.379
 4500; 3.157; 2822.549
